<?xml version="1.0" encoding="UTF-8"?>
<!-- Generated by org.testng.reporters.JUnitReportReporter -->
<testsuite skipped="0" hostname="AlamiFamily" name="apitest.test" tests="1" failures="0" timestamp="04 Sep 2020 14:41:22 GMT" time="6.047" errors="0">
  <testcase name="postmethodjson" time="6.047" classname="apitest.test"/>
</testsuite> <!-- apitest.test -->
